[debug] [2020-12-22T11:57:56.529Z] ----------------------------------------------------------------------
[debug] [2020-12-22T11:57:56.531Z] Command:       C:\Program Files\nodejs\node.exe C:\Users\Nezih Sunman\AppData\Roaming\npm\node_modules\firebase-tools\lib\bin\firebase.js init
[debug] [2020-12-22T11:57:56.531Z] CLI Version:   9.1.0
[debug] [2020-12-22T11:57:56.531Z] Platform:      win32
[debug] [2020-12-22T11:57:56.531Z] Node Version:  v12.18.3
[debug] [2020-12-22T11:57:56.532Z] Time:          Tue Dec 22 2020 14:57:56 GMT+0300 (GMT+03:00)
[debug] [2020-12-22T11:57:56.533Z] ----------------------------------------------------------------------
[debug] [2020-12-22T11:57:56.533Z] 
[debug] [2020-12-22T11:57:56.538Z] > command requires scopes: ["email","openid","https://www.googleapis.com/auth/cloudplatformprojects.readonly","https://www.googleapis.com/auth/firebase","https://www.googleapis.com/auth/cloud-platform"]
[debug] [2020-12-22T11:57:56.539Z] > authorizing via signed-in user
[info] 
     ######## #### ########  ######## ########     ###     ######  ########
     ##        ##  ##     ## ##       ##     ##  ##   ##  ##       ##
     ######    ##  ########  ######   ########  #########  ######  ######
     ##        ##  ##    ##  ##       ##     ## ##     ##       ## ##
     ##       #### ##     ## ######## ########  ##     ##  ######  ########

You're about to initialize a Firebase project in this directory:

  C:\Users\Nezih Sunman\Desktop\CS447Project\CS447ProjectRealTimeChat

[info] 
=== Project Setup
[info] 
[info] First, let's associate this project directory with a Firebase project.
[info] You can create multiple project aliases by running firebase use --add, 
[info] but for now we'll just set up a default project.
[info] 
[debug] [2020-12-22T11:58:01.570Z] >>> HTTP REQUEST GET https://firebase.googleapis.com/v1beta1/projects?pageSize=100  
 
[debug] [2020-12-22T11:58:01.997Z] <<< HTTP RESPONSE 200 {"content-type":"application/json; charset=UTF-8","vary":"X-Origin, Referer, Origin,Accept-Encoding","date":"Tue, 22 Dec 2020 11:58:01 GMT","server":"ESF","cache-control":"private","x-xss-protection":"0","x-frame-options":"SAMEORIGIN","x-content-type-options":"nosniff","alt-svc":"h3-29=\":443\"; ma=2592000,h3-T051=\":443\"; ma=2592000,h3-Q050=\":443\"; ma=2592000,h3-Q046=\":443\"; ma=2592000,h3-Q043=\":443\"; ma=2592000,quic=\":443\"; ma=2592000; v=\"46,43\"","accept-ranges":"none","transfer-encoding":"chunked"}
[info] i  Using project cs447project-1b118 (CS447PROJECT) 
[info] 
=== Hosting Setup
[info] 
[info] Your public directory is the folder (relative to your project directory) that
[info] will contain Hosting assets to be uploaded with firebase deploy. If you
[info] have a build process for your assets, use your build's output directory.
[info] 
